


ARM Macro Assembler    Page 1 


    1 00000000         ; r12 -> count
    2 00000000                 THUMB
    3 00000000                 AREA             DATA, ALIGN=4
    4 00000000                 EXPORT           M [DATA,SIZE=4]
    5 00000000 00 00 00 
              00       M       SPACE            4
    6 00000004         
    7 00000004                 AREA             |.text|, CODE, READONLY, ALIGN=
2
    8 00000000                 EXPORT           Start
    9 00000000         Start
   10 00000000 EFFFFFFF 
                       test_1  DCD              0xEFFFFFFF
   11 00000004 CFFFFFFF 
                       test_2  DCD              0xCFFFFFFF
   12 00000008 FFFFFFFE 
                       test_3  DCD              0xFFFFFFFE
   13 0000000C FFFFFFFC 
                       test_4  DCD              0xFFFFFFFC
   14 00000010         
   15 00000010         begin
   16 00000010 F2AF 0014       ADR              r0, test_1
   17 00000014 6800            LDR              r0, [r0]
   18 00000016 F000 F81E       BL               count_zeros
   19 0000001A F1BC 0F01       CMP              r12, #1
   20 0000001E F04F 0C00       MOV              r12, #0
   21 00000022 F2AF 0020       ADR              r0, test_2
   22 00000026 6800            LDR              r0, [r0]
   23 00000028 F000 F815       BL               count_zeros
   24 0000002C F1BC 0F02       CMP              r12, #2
   25 00000030 F04F 0C00       MOV              r12, #0
   26 00000034 F2AF 0030       ADR              r0, test_3
   27 00000038 6800            LDR              r0, [r0]
   28 0000003A F000 F80C       BL               count_zeros
   29 0000003E F1BC 0F01       CMP              r12, #1
   30 00000042 F04F 0C00       MOV              r12, #0
   31 00000046 F2AF 003C       ADR              r0, test_4
   32 0000004A 6800            LDR              r0, [r0]
   33 0000004C F000 F803       BL               count_zeros
   34 00000050 F1BC 0F02       CMP              r12, #2
   35 00000054 E7FE            B                .
   36 00000056         
   37 00000056         count_zeros
   38 00000056         ;  CMP  r0, #0xFFFFFFFF
   39 00000056 EA6F 0000       MVN              r0, r0
   40 0000005A         loop
   41 0000005A 2800            CMP              r0, #0
   42 0000005C BF08 4770       BXEQ             lr
   43 00000060         
   44 00000060 F1A0 0101       SUB              r1, r0, #1
   45 00000064 EA01 0000       AND              r0, r1, r0
   46 00000068 F10C 0C01       ADD              r12, r12, #1
   47 0000006C E7F5            B                loop
   48 0000006E         
   49 0000006E         
   50 0000006E 00 00           ALIGN
   51 00000070                 END
Command Line: --debug --xref --diag_suppress=9931 --cpu=Cortex-M4 --apcs=interw
ork --depend=.\main.d -o.\main.o -I.\RTE\_SimpleProject -IC:\Keil_v5\ARM\PACK\A



ARM Macro Assembler    Page 2 


RM\CMSIS\5.4.0\CMSIS\Core\Include -IC:\Keil_v5\ARM\PACK\Keil\TM4C_DFP\1.1.0\Dev
ice\Include\TM4C123 --predefine="__EVAL SETA 1" --predefine="__UVISION_VERSION 
SETA 526" --predefine="_RTE_ SETA 1" --predefine="TM4C123GH6PM SETA 1" --list=.
\main.lst main.s



ARM Macro Assembler    Page 1 Alphabetic symbol ordering
Relocatable symbols

DATA 00000000

Symbol: DATA
   Definitions
      At line 3 in file main.s
   Uses
      None
Comment: DATA unused
M 00000000

Symbol: M
   Definitions
      At line 5 in file main.s
   Uses
      At line 4 in file main.s
Comment: M used once
2 symbols



ARM Macro Assembler    Page 1 Alphabetic symbol ordering
Relocatable symbols

.text 00000000

Symbol: .text
   Definitions
      At line 7 in file main.s
   Uses
      None
Comment: .text unused
Start 00000000

Symbol: Start
   Definitions
      At line 9 in file main.s
   Uses
      At line 8 in file main.s
Comment: Start used once
begin 00000010

Symbol: begin
   Definitions
      At line 15 in file main.s
   Uses
      None
Comment: begin unused
count_zeros 00000056

Symbol: count_zeros
   Definitions
      At line 37 in file main.s
   Uses
      At line 18 in file main.s
      At line 23 in file main.s
      At line 28 in file main.s
      At line 33 in file main.s

loop 0000005A

Symbol: loop
   Definitions
      At line 40 in file main.s
   Uses
      At line 47 in file main.s
Comment: loop used once
test_1 00000000

Symbol: test_1
   Definitions
      At line 10 in file main.s
   Uses
      At line 16 in file main.s
Comment: test_1 used once
test_2 00000004

Symbol: test_2
   Definitions
      At line 11 in file main.s
   Uses
      At line 21 in file main.s
Comment: test_2 used once



ARM Macro Assembler    Page 2 Alphabetic symbol ordering
Relocatable symbols

test_3 00000008

Symbol: test_3
   Definitions
      At line 12 in file main.s
   Uses
      At line 26 in file main.s
Comment: test_3 used once
test_4 0000000C

Symbol: test_4
   Definitions
      At line 13 in file main.s
   Uses
      At line 31 in file main.s
Comment: test_4 used once
9 symbols
345 symbols in table
