


ARM Macro Assembler    Page 1 


    1 00000000         ; main.s
    2 00000000         ; Runs on any Cortex M processor
    3 00000000         ; A very simple first project implementing a random numb
                       er generator
    4 00000000         ; Daniel Valvano
    5 00000000         ; May 12, 2015
    6 00000000         
    7 00000000         ;  This example accompanies the book
    8 00000000         ;  "Embedded Systems: Introduction to Arm Cortex M Micro
                       controllers",
    9 00000000         ;  ISBN: 978-1469998749, Jonathan Valvano, copyright (c)
                        2015
   10 00000000         ;  Section 3.3.10, Program 3.12
   11 00000000         ;
   12 00000000         ;Copyright 2015 by Jonathan W. Valvano, valvano@mail.ute
                       xas.edu
   13 00000000         ;   You may use, edit, run or distribute this file
   14 00000000         ;   as long as the above copyright notice remains
   15 00000000         ;THIS SOFTWARE IS PROVIDED "AS IS".  NO WARRANTIES, WHET
                       HER EXPRESS, IMPLIED
   16 00000000         ;OR STATUTORY, INCLUDING, BUT NOT LIMITED TO, IMPLIED WA
                       RRANTIES OF
   17 00000000         ;MERCHANTABILITY AND FITNESS FOR A PARTICULAR PURPOSE AP
                       PLY TO THIS SOFTWARE.
   18 00000000         ;VALVANO SHALL NOT, IN ANY CIRCUMSTANCES, BE LIABLE FOR 
                       SPECIAL, INCIDENTAL,
   19 00000000         ;OR CONSEQUENTIAL DAMAGES, FOR ANY REASON WHATSOEVER.
   20 00000000         ;For more information about my classes, my research, and
                        my books, see
   21 00000000         ;http://users.ece.utexas.edu/~valvano/
   22 00000000         
   23 00000000         
   24 00000000         ; we align 32 bit variables to 32-bits
   25 00000000         ; we align op codes to 16 bits
   26 00000000                 THUMB
   27 00000000                 AREA             DATA, ALIGN=4
   28 00000000                 EXPORT           M [DATA,SIZE=4]
   29 00000000 00 00 00 
              00       M       SPACE            4
   30 00000004         
   31 00000004                 AREA             |.text|, CODE, READONLY, ALIGN=
2
   32 00000000                 EXPORT           Start
   33 00000000         Start
   34 00000000 4914            LDR              r1, =N256
   35 00000002 6808            LDR              r0, [r1]
   36 00000004 1300            MOVS             r0, r0, ASR #12
   37 00000006 F04F 0202       MOV              r2, #0x2
   38 0000000A EA00 0202       AND              r2, r0, r2
   39 0000000E F000 F801       BL               printLetter
   40 00000012 E7FE            B                .
   41 00000014         
   42 00000014         printLetter
   43 00000014 2A04            CMP              r2, #4
   44 00000016 D80B            BHI              Letter1
   45 00000018         ;ADR  r3, JumpTable 
   46 00000018         ;LDR  pc,[r3,r2,LSL #2] 
   47 00000018 E013            B                Letter4
   48 0000001A         



ARM Macro Assembler    Page 2 


   49 0000001A         JumpTable
   50 0000001A 00 00 00000000  DCD              Letter1
   51 00000020 00000000        DCD              Letter2
   52 00000024 00000000        DCD              Letter3
   53 00000028 00000000        DCD              Letter4
   54 0000002C 00000000        DCD              Letter2
   55 00000030         Letter1
   56 00000030 F04F 0061       MOV              r0, #'a'
   57 00000034 4770            BX               lr
   58 00000036         Letter2
   59 00000036 F04F 0046       MOV              r0, #&46
   60 0000003A 4770            BX               lr
   61 0000003C         Letter3
   62 0000003C F04F 0044       MOV              r0, #&44
   63 00000040 4770            BX               lr
   64 00000042         Letter4
   65 00000042 F04F 0048       MOV              r0, #&48
   66 00000046 4770            BX               lr
   67 00000048         Letter5
   68 00000048 F04F 0042       MOV              r0, #&42
   69 0000004C 4770            BX               lr
   70 0000004E 00 00 FFFFFF00 
                       N256    DCD              -256
   71 00000054         
   72 00000054         
   73 00000054                 ALIGN
   74 00000054                 END
              00000000 
Command Line: --debug --xref --diag_suppress=9931 --cpu=Cortex-M4 --apcs=interw
ork --depend=.\main.d -o.\main.o -I.\RTE\_SimpleProject -IC:\Keil_v5\ARM\PACK\A
RM\CMSIS\5.4.0\CMSIS\Core\Include -IC:\Keil_v5\ARM\PACK\Keil\TM4C_DFP\1.1.0\Dev
ice\Include\TM4C123 --predefine="__EVAL SETA 1" --predefine="__UVISION_VERSION 
SETA 526" --predefine="_RTE_ SETA 1" --predefine="TM4C123GH6PM SETA 1" --list=.
\main.lst main.s



ARM Macro Assembler    Page 1 Alphabetic symbol ordering
Relocatable symbols

DATA 00000000

Symbol: DATA
   Definitions
      At line 27 in file main.s
   Uses
      None
Comment: DATA unused
M 00000000

Symbol: M
   Definitions
      At line 29 in file main.s
   Uses
      At line 28 in file main.s
Comment: M used once
2 symbols



ARM Macro Assembler    Page 1 Alphabetic symbol ordering
Relocatable symbols

.text 00000000

Symbol: .text
   Definitions
      At line 31 in file main.s
   Uses
      None
Comment: .text unused
JumpTable 0000001A

Symbol: JumpTable
   Definitions
      At line 49 in file main.s
   Uses
      None
Comment: JumpTable unused
Letter1 00000030

Symbol: Letter1
   Definitions
      At line 55 in file main.s
   Uses
      At line 44 in file main.s
      At line 50 in file main.s

Letter2 00000036

Symbol: Letter2
   Definitions
      At line 58 in file main.s
   Uses
      At line 51 in file main.s
      At line 54 in file main.s

Letter3 0000003C

Symbol: Letter3
   Definitions
      At line 61 in file main.s
   Uses
      At line 52 in file main.s
Comment: Letter3 used once
Letter4 00000042

Symbol: Letter4
   Definitions
      At line 64 in file main.s
   Uses
      At line 47 in file main.s
      At line 53 in file main.s

Letter5 00000048

Symbol: Letter5
   Definitions
      At line 67 in file main.s
   Uses
      None
Comment: Letter5 unused



ARM Macro Assembler    Page 2 Alphabetic symbol ordering
Relocatable symbols

N256 00000050

Symbol: N256
   Definitions
      At line 70 in file main.s
   Uses
      At line 34 in file main.s
Comment: N256 used once
Start 00000000

Symbol: Start
   Definitions
      At line 33 in file main.s
   Uses
      At line 32 in file main.s
Comment: Start used once
printLetter 00000014

Symbol: printLetter
   Definitions
      At line 42 in file main.s
   Uses
      At line 39 in file main.s
Comment: printLetter used once
10 symbols
348 symbols in table
